20:47:46.211 [main] INFO  api.test.UserTests - *******Creating User*******
20:47:49.108 [main] INFO  api.test.UserTests - *******User Created*******
20:47:49.119 [main] INFO  api.test.UserTests - *******Reading User Info*******
20:47:50.618 [main] INFO  api.test.UserTests - *******User Info Is Displayed*******
20:47:50.621 [main] INFO  api.test.UserTests - *******Updating User*******
20:47:53.708 [main] INFO  api.test.UserTests - *******User is Updated*******
20:47:53.712 [main] INFO  api.test.UserTests - *******Deleting User*******
20:47:55.254 [main] INFO  api.test.UserTests - *******User Deleted*******
20:48:36.769 [main] INFO  api.test.UserTests - *******Creating User*******
20:48:39.587 [main] INFO  api.test.UserTests - *******User Created*******
20:48:39.605 [main] INFO  api.test.UserTests - *******Reading User Info*******
20:48:41.063 [main] INFO  api.test.UserTests - *******User Info Is Displayed*******
20:48:41.065 [main] INFO  api.test.UserTests - *******Updating User*******
20:48:44.042 [main] INFO  api.test.UserTests - *******User is Updated*******
20:48:44.044 [main] INFO  api.test.UserTests - *******Deleting User*******
20:48:45.430 [main] INFO  api.test.UserTests - *******User Deleted*******
21:04:51.061 [main] DEBUG api.test.UserTests- debugging...........
21:04:51.075 [main] INFO  api.test.UserTests- *******Creating User*******
21:04:53.994 [main] INFO  api.test.UserTests- *******User Created*******
21:04:54.005 [main] INFO  api.test.UserTests- *******Reading User Info*******
21:04:55.379 [main] INFO  api.test.UserTests- *******User Info Is Displayed*******
21:04:55.382 [main] INFO  api.test.UserTests- *******Updating User*******
21:04:58.245 [main] INFO  api.test.UserTests- *******User is Updated*******
21:04:58.247 [main] INFO  api.test.UserTests- *******Deleting User*******
21:04:59.678 [main] INFO  api.test.UserTests- *******User Deleted*******
21:18:29.681 [main] DEBUG api.test.UserTests- debugging...........
21:18:29.692 [main] INFO  api.test.UserTests- *******Creating User*******
21:18:32.640 [main] INFO  api.test.UserTests- *******User Created*******
21:18:32.649 [main] INFO  api.test.UserTests- *******Reading User Info*******
21:18:34.112 [main] INFO  api.test.UserTests- *******User Info Is Displayed*******
21:18:34.113 [main] INFO  api.test.UserTests- *******Updating User*******
21:18:37.172 [main] INFO  api.test.UserTests- *******User is Updated*******
21:18:37.172 [main] INFO  api.test.UserTests- *******Deleting User*******
21:18:38.909 [main] INFO  api.test.UserTests- *******User Deleted*******
